  [1m[35m (0.0ms)[0m  [1m[34mSELECT sqlite_version(*)[0m
  [1m[35m (76.4ms)[0m  [1m[35mCREATE TABLE "schema_migrations" ("version" varchar NOT NULL PRIMARY KEY)[0m
  [1m[35m (82.6ms)[0m  [1m[35mCREATE TABLE "ar_internal_metadata" ("key" varchar NOT NULL PRIMARY KEY, "value" varchar, "created_at" datetime NOT NULL, "updated_at" datetime NOT NULL)[0m
  [1m[35m (0.1ms)[0m  [1m[34mSELECT "schema_migrations"."version" FROM "schema_migrations" ORDER BY "schema_migrations"."version" ASC[0m
Migrating to CreateUsers (20190410020948)
  [1m[35m (0.0ms)[0m  [1m[36mbegin transaction[0m
  [1m[35m (0.2ms)[0m  [1m[35mCREATE TABLE "users" ("id" INTEGER PRIMARY KEY AUTOINCREMENT NOT NULL, "username" varchar, "password" varchar, "created_at" datetime NOT NULL, "updated_at" datetime NOT NULL)[0m
  [1m[35mSQL (0.1ms)[0m  [1m[32mINSERT INTO "schema_migrations" ("version") VALUES (?)[0m  [["version", "20190410020948"]]
  [1m[35m (83.5ms)[0m  [1m[36mcommit transaction[0m
Migrating to CreateRepos (20190410021208)
  [1m[35m (0.0ms)[0m  [1m[36mbegin transaction[0m
  [1m[35m (0.2ms)[0m  [1m[35mCREATE TABLE "repos" ("id" INTEGER PRIMARY KEY AUTOINCREMENT NOT NULL, "repo_name" varchar, "seed_size" integer, "language" varchar, "entities" varchar, "sort_method" varchar, "status" varchar, "created_at" datetime NOT NULL, "updated_at" datetime NOT NULL)[0m
  [1m[35mSQL (0.1ms)[0m  [1m[32mINSERT INTO "schema_migrations" ("version") VALUES (?)[0m  [["version", "20190410021208"]]
  [1m[35m (98.5ms)[0m  [1m[36mcommit transaction[0m
Migrating to CreateUsersRepos (20190410021340)
  [1m[35m (0.0ms)[0m  [1m[36mbegin transaction[0m
  [1m[35m (0.2ms)[0m  [1m[35mCREATE TABLE "users_repos" ("id" INTEGER PRIMARY KEY AUTOINCREMENT NOT NULL, "user_id" integer, "repo_id" integer, "created_at" datetime NOT NULL, "updated_at" datetime NOT NULL, CONSTRAINT "fk_rails_4586dfaed7"
FOREIGN KEY ("user_id")
  REFERENCES "users" ("id")
, CONSTRAINT "fk_rails_4eaf80faa6"
FOREIGN KEY ("repo_id")
  REFERENCES "repos" ("id")
)[0m
  [1m[35m (0.1ms)[0m  [1m[35mCREATE  INDEX "index_users_repos_on_user_id" ON "users_repos" ("user_id")[0m
  [1m[35m (0.1ms)[0m  [1m[34m            SELECT sql
            FROM sqlite_master
            WHERE name='index_users_repos_on_user_id' AND type='index'
            UNION ALL
            SELECT sql
            FROM sqlite_temp_master
            WHERE name='index_users_repos_on_user_id' AND type='index'
[0m
  [1m[35m (0.1ms)[0m  [1m[35mCREATE  INDEX "index_users_repos_on_repo_id" ON "users_repos" ("repo_id")[0m
  [1m[35mSQL (0.1ms)[0m  [1m[32mINSERT INTO "schema_migrations" ("version") VALUES (?)[0m  [["version", "20190410021340"]]
  [1m[35m (89.0ms)[0m  [1m[36mcommit transaction[0m
  [1m[36mActiveRecord::InternalMetadata Load (0.1ms)[0m  [1m[34mSELECT  "ar_internal_metadata".* FROM "ar_internal_metadata" WHERE "ar_internal_metadata"."key" = ? LIMIT ?[0m  [["key", "environment"], ["LIMIT", 1]]
  [1m[35m (0.0ms)[0m  [1m[36mbegin transaction[0m
  [1m[35mSQL (0.1ms)[0m  [1m[32mINSERT INTO "ar_internal_metadata" ("key", "value", "created_at", "updated_at") VALUES (?, ?, ?, ?)[0m  [["key", "environment"], ["value", "development"], ["created_at", "2019-04-10 02:15:53.438978"], ["updated_at", "2019-04-10 02:15:53.438978"]]
  [1m[35m (67.3ms)[0m  [1m[36mcommit transaction[0m
  [1m[35m (0.1ms)[0m  [1m[34mSELECT "schema_migrations"."version" FROM "schema_migrations" ORDER BY "schema_migrations"."version" ASC[0m
  [1m[35m (0.0ms)[0m  [1m[34m            SELECT sql
            FROM sqlite_master
            WHERE name='index_users_repos_on_repo_id' AND type='index'
            UNION ALL
            SELECT sql
            FROM sqlite_temp_master
            WHERE name='index_users_repos_on_repo_id' AND type='index'
[0m
  [1m[35m (0.0ms)[0m  [1m[34m            SELECT sql
            FROM sqlite_master
            WHERE name='index_users_repos_on_user_id' AND type='index'
            UNION ALL
            SELECT sql
            FROM sqlite_temp_master
            WHERE name='index_users_repos_on_user_id' AND type='index'
[0m
  [1m[35m (0.1ms)[0m  [1m[34mSELECT "schema_migrations"."version" FROM "schema_migrations" ORDER BY "schema_migrations"."version" ASC[0m
  [1m[36mActiveRecord::InternalMetadata Load (0.1ms)[0m  [1m[34mSELECT  "ar_internal_metadata".* FROM "ar_internal_metadata" WHERE "ar_internal_metadata"."key" = ? LIMIT ?[0m  [["key", "environment"], ["LIMIT", 1]]
  [1m[35m (0.0ms)[0m  [1m[36mbegin transaction[0m
  [1m[35m (0.0ms)[0m  [1m[36mcommit transaction[0m
  [1m[35m (0.0ms)[0m  [1m[34mSELECT "schema_migrations"."version" FROM "schema_migrations" ORDER BY "schema_migrations"."version" ASC[0m
  [1m[35m (0.0ms)[0m  [1m[34m            SELECT sql
            FROM sqlite_master
            WHERE name='index_users_repos_on_repo_id' AND type='index'
            UNION ALL
            SELECT sql
            FROM sqlite_temp_master
            WHERE name='index_users_repos_on_repo_id' AND type='index'
[0m
  [1m[35m (0.0ms)[0m  [1m[34m            SELECT sql
            FROM sqlite_master
            WHERE name='index_users_repos_on_user_id' AND type='index'
            UNION ALL
            SELECT sql
            FROM sqlite_temp_master
            WHERE name='index_users_repos_on_user_id' AND type='index'
[0m
  [1m[35m (0.0ms)[0m  [1m[36mbegin transaction[0m
  [1m[35mSQL (0.2ms)[0m  [1m[32mINSERT INTO "users" ("username", "password", "created_at", "updated_at") VALUES (?, ?, ?, ?)[0m  [["username", "nmsl"], ["password", "123"], ["created_at", "2019-04-10 02:24:18.250401"], ["updated_at", "2019-04-10 02:24:18.250401"]]
  [1m[35m (59.4ms)[0m  [1m[36mcommit transaction[0m
  [1m[36mUser Load (0.1ms)[0m  [1m[34mSELECT  "users".* FROM "users" ORDER BY "users"."id" ASC LIMIT ?[0m  [["LIMIT", 1]]
  [1m[36mUser Load (0.1ms)[0m  [1m[34mSELECT  "users".* FROM "users" ORDER BY "users"."id" ASC LIMIT ?[0m  [["LIMIT", 1]]
  [1m[35m (0.0ms)[0m  [1m[36mbegin transaction[0m
  [1m[35mSQL (0.2ms)[0m  [1m[32mINSERT INTO "repos" ("repo_name", "seed_size", "created_at", "updated_at") VALUES (?, ?, ?, ?)[0m  [["repo_name", "reponame"], ["seed_size", 200], ["created_at", "2019-04-10 02:27:49.628973"], ["updated_at", "2019-04-10 02:27:49.628973"]]
  [1m[35m (59.8ms)[0m  [1m[36mcommit transaction[0m
  [1m[36mUser Load (0.2ms)[0m  [1m[34mSELECT  "users".* FROM "users" INNER JOIN "repos_users" ON "users"."id" = "repos_users"."user_id" WHERE "repos_users"."repo_id" = ? LIMIT ?[0m  [["repo_id", 1], ["LIMIT", 11]]
  [1m[35m (0.1ms)[0m  [1m[34mSELECT "schema_migrations"."version" FROM "schema_migrations" ORDER BY "schema_migrations"."version" ASC[0m
Migrating to CreateReposUsers (20190410023042)
  [1m[35m (0.0ms)[0m  [1m[36mbegin transaction[0m
  [1m[35m (0.0ms)[0m  [1m[34mSELECT sqlite_version(*)[0m
  [1m[35m (0.3ms)[0m  [1m[35mCREATE TABLE "repos_users" ("id" INTEGER PRIMARY KEY AUTOINCREMENT NOT NULL, "user_id" integer, "repo_id" integer, "created_at" datetime NOT NULL, "updated_at" datetime NOT NULL, CONSTRAINT "fk_rails_86f783fd28"
FOREIGN KEY ("user_id")
  REFERENCES "users" ("id")
, CONSTRAINT "fk_rails_38e400176c"
FOREIGN KEY ("repo_id")
  REFERENCES "repos" ("id")
)[0m
  [1m[35m (0.1ms)[0m  [1m[35mCREATE  INDEX "index_repos_users_on_user_id" ON "repos_users" ("user_id")[0m
  [1m[35m (0.0ms)[0m  [1m[34m            SELECT sql
            FROM sqlite_master
            WHERE name='index_repos_users_on_user_id' AND type='index'
            UNION ALL
            SELECT sql
            FROM sqlite_temp_master
            WHERE name='index_repos_users_on_user_id' AND type='index'
[0m
  [1m[35m (0.1ms)[0m  [1m[35mCREATE  INDEX "index_repos_users_on_repo_id" ON "repos_users" ("repo_id")[0m
  [1m[35mSQL (0.1ms)[0m  [1m[32mINSERT INTO "schema_migrations" ("version") VALUES (?)[0m  [["version", "20190410023042"]]
  [1m[35m (82.6ms)[0m  [1m[36mcommit transaction[0m
  [1m[36mActiveRecord::InternalMetadata Load (0.1ms)[0m  [1m[34mSELECT  "ar_internal_metadata".* FROM "ar_internal_metadata" WHERE "ar_internal_metadata"."key" = ? LIMIT ?[0m  [["key", "environment"], ["LIMIT", 1]]
  [1m[35m (0.0ms)[0m  [1m[36mbegin transaction[0m
  [1m[35m (0.0ms)[0m  [1m[36mcommit transaction[0m
  [1m[35m (0.0ms)[0m  [1m[34mSELECT "schema_migrations"."version" FROM "schema_migrations" ORDER BY "schema_migrations"."version" ASC[0m
  [1m[35m (0.0ms)[0m  [1m[34m            SELECT sql
            FROM sqlite_master
            WHERE name='index_repos_users_on_repo_id' AND type='index'
            UNION ALL
            SELECT sql
            FROM sqlite_temp_master
            WHERE name='index_repos_users_on_repo_id' AND type='index'
[0m
  [1m[35m (0.0ms)[0m  [1m[34m            SELECT sql
            FROM sqlite_master
            WHERE name='index_repos_users_on_user_id' AND type='index'
            UNION ALL
            SELECT sql
            FROM sqlite_temp_master
            WHERE name='index_repos_users_on_user_id' AND type='index'
[0m
  [1m[35m (0.0ms)[0m  [1m[34m            SELECT sql
            FROM sqlite_master
            WHERE name='index_users_repos_on_repo_id' AND type='index'
            UNION ALL
            SELECT sql
            FROM sqlite_temp_master
            WHERE name='index_users_repos_on_repo_id' AND type='index'
[0m
  [1m[35m (0.0ms)[0m  [1m[34m            SELECT sql
            FROM sqlite_master
            WHERE name='index_users_repos_on_user_id' AND type='index'
            UNION ALL
            SELECT sql
            FROM sqlite_temp_master
            WHERE name='index_users_repos_on_user_id' AND type='index'
[0m
  [1m[36mUser Load (0.1ms)[0m  [1m[34mSELECT  "users".* FROM "users" ORDER BY "users"."id" ASC LIMIT ?[0m  [["LIMIT", 1]]
  [1m[36mRepo Load (0.1ms)[0m  [1m[34mSELECT  "repos".* FROM "repos" INNER JOIN "repos_users" ON "repos"."id" = "repos_users"."repo_id" WHERE "repos_users"."user_id" = ? LIMIT ?[0m  [["user_id", 1], ["LIMIT", 11]]
  [1m[35m (0.0ms)[0m  [1m[36mbegin transaction[0m
  [1m[35mSQL (0.2ms)[0m  [1m[32mINSERT INTO "repos" ("repo_name", "seed_size", "created_at", "updated_at") VALUES (?, ?, ?, ?)[0m  [["repo_name", "repohahahaha"], ["seed_size", 200], ["created_at", "2019-04-10 02:32:54.440673"], ["updated_at", "2019-04-10 02:32:54.440673"]]
  [1m[35mSQL (0.1ms)[0m  [1m[32mINSERT INTO "repos_users" ("user_id", "repo_id", "created_at", "updated_at") VALUES (?, ?, ?, ?)[0m  [["user_id", 1], ["repo_id", 2], ["created_at", "2019-04-10 02:32:54.444972"], ["updated_at", "2019-04-10 02:32:54.444972"]]
  [1m[35m (66.0ms)[0m  [1m[36mcommit transaction[0m
  [1m[36mRepo Load (0.1ms)[0m  [1m[34mSELECT  "repos".* FROM "repos" INNER JOIN "repos_users" ON "repos"."id" = "repos_users"."repo_id" WHERE "repos_users"."user_id" = ? LIMIT ?[0m  [["user_id", 1], ["LIMIT", 11]]
  [1m[36mRepo Load (0.1ms)[0m  [1m[34mSELECT  "repos".* FROM "repos" ORDER BY "repos"."id" ASC LIMIT ? OFFSET ?[0m  [["LIMIT", 1], ["OFFSET", 1]]
  [1m[36mUser Load (0.1ms)[0m  [1m[34mSELECT  "users".* FROM "users" INNER JOIN "repos_users" ON "users"."id" = "repos_users"."user_id" WHERE "repos_users"."repo_id" = ? LIMIT ?[0m  [["repo_id", 2], ["LIMIT", 11]]
  [1m[35m (0.1ms)[0m  [1m[34mSELECT "schema_migrations"."version" FROM "schema_migrations" ORDER BY "schema_migrations"."version" ASC[0m
  [1m[36mActiveRecord::InternalMetadata Load (0.1ms)[0m  [1m[34mSELECT  "ar_internal_metadata".* FROM "ar_internal_metadata" WHERE "ar_internal_metadata"."key" = ? LIMIT ?[0m  [["key", "environment"], ["LIMIT", 1]]
  [1m[35m (0.0ms)[0m  [1m[36mbegin transaction[0m
  [1m[35m (0.0ms)[0m  [1m[36mcommit transaction[0m
  [1m[35m (0.0ms)[0m  [1m[34mSELECT "schema_migrations"."version" FROM "schema_migrations" ORDER BY "schema_migrations"."version" ASC[0m
  [1m[35m (0.0ms)[0m  [1m[34m            SELECT sql
            FROM sqlite_master
            WHERE name='index_repos_users_on_repo_id' AND type='index'
            UNION ALL
            SELECT sql
            FROM sqlite_temp_master
            WHERE name='index_repos_users_on_repo_id' AND type='index'
[0m
  [1m[35m (0.0ms)[0m  [1m[34m            SELECT sql
            FROM sqlite_master
            WHERE name='index_repos_users_on_user_id' AND type='index'
            UNION ALL
            SELECT sql
            FROM sqlite_temp_master
            WHERE name='index_repos_users_on_user_id' AND type='index'
[0m
  [1m[35m (0.0ms)[0m  [1m[34m            SELECT sql
            FROM sqlite_master
            WHERE name='index_users_repos_on_repo_id' AND type='index'
            UNION ALL
            SELECT sql
            FROM sqlite_temp_master
            WHERE name='index_users_repos_on_repo_id' AND type='index'
[0m
  [1m[35m (0.0ms)[0m  [1m[34m            SELECT sql
            FROM sqlite_master
            WHERE name='index_users_repos_on_user_id' AND type='index'
            UNION ALL
            SELECT sql
            FROM sqlite_temp_master
            WHERE name='index_users_repos_on_user_id' AND type='index'
[0m
  [1m[35m (0.1ms)[0m  [1m[34mSELECT "schema_migrations"."version" FROM "schema_migrations" ORDER BY "schema_migrations"."version" ASC[0m
  [1m[36mActiveRecord::InternalMetadata Load (0.1ms)[0m  [1m[34mSELECT  "ar_internal_metadata".* FROM "ar_internal_metadata" WHERE "ar_internal_metadata"."key" = ? LIMIT ?[0m  [["key", "environment"], ["LIMIT", 1]]
  [1m[35m (0.0ms)[0m  [1m[36mbegin transaction[0m
  [1m[35m (0.0ms)[0m  [1m[36mcommit transaction[0m
  [1m[35m (0.0ms)[0m  [1m[34mSELECT "schema_migrations"."version" FROM "schema_migrations" ORDER BY "schema_migrations"."version" ASC[0m
  [1m[35m (0.0ms)[0m  [1m[34m            SELECT sql
            FROM sqlite_master
            WHERE name='index_repos_users_on_repo_id' AND type='index'
            UNION ALL
            SELECT sql
            FROM sqlite_temp_master
            WHERE name='index_repos_users_on_repo_id' AND type='index'
[0m
  [1m[35m (0.0ms)[0m  [1m[34m            SELECT sql
            FROM sqlite_master
            WHERE name='index_repos_users_on_user_id' AND type='index'
            UNION ALL
            SELECT sql
            FROM sqlite_temp_master
            WHERE name='index_repos_users_on_user_id' AND type='index'
[0m
  [1m[35m (0.0ms)[0m  [1m[34m            SELECT sql
            FROM sqlite_master
            WHERE name='index_users_repos_on_repo_id' AND type='index'
            UNION ALL
            SELECT sql
            FROM sqlite_temp_master
            WHERE name='index_users_repos_on_repo_id' AND type='index'
[0m
  [1m[35m (0.0ms)[0m  [1m[34m            SELECT sql
            FROM sqlite_master
            WHERE name='index_users_repos_on_user_id' AND type='index'
            UNION ALL
            SELECT sql
            FROM sqlite_temp_master
            WHERE name='index_users_repos_on_user_id' AND type='index'
[0m
  [1m[35m (0.1ms)[0m  [1m[34mSELECT "schema_migrations"."version" FROM "schema_migrations" ORDER BY "schema_migrations"."version" ASC[0m
  [1m[36mActiveRecord::InternalMetadata Load (0.1ms)[0m  [1m[34mSELECT  "ar_internal_metadata".* FROM "ar_internal_metadata" WHERE "ar_internal_metadata"."key" = ? LIMIT ?[0m  [["key", "environment"], ["LIMIT", 1]]
  [1m[35m (0.0ms)[0m  [1m[36mbegin transaction[0m
  [1m[35m (0.0ms)[0m  [1m[36mcommit transaction[0m
  [1m[35m (0.0ms)[0m  [1m[34mSELECT "schema_migrations"."version" FROM "schema_migrations" ORDER BY "schema_migrations"."version" ASC[0m
  [1m[35m (0.0ms)[0m  [1m[34m            SELECT sql
            FROM sqlite_master
            WHERE name='index_repos_users_on_repo_id' AND type='index'
            UNION ALL
            SELECT sql
            FROM sqlite_temp_master
            WHERE name='index_repos_users_on_repo_id' AND type='index'
[0m
  [1m[35m (0.0ms)[0m  [1m[34m            SELECT sql
            FROM sqlite_master
            WHERE name='index_repos_users_on_user_id' AND type='index'
            UNION ALL
            SELECT sql
            FROM sqlite_temp_master
            WHERE name='index_repos_users_on_user_id' AND type='index'
[0m
  [1m[35m (0.0ms)[0m  [1m[34m            SELECT sql
            FROM sqlite_master
            WHERE name='index_users_repos_on_repo_id' AND type='index'
            UNION ALL
            SELECT sql
            FROM sqlite_temp_master
            WHERE name='index_users_repos_on_repo_id' AND type='index'
[0m
  [1m[35m (0.0ms)[0m  [1m[34m            SELECT sql
            FROM sqlite_master
            WHERE name='index_users_repos_on_user_id' AND type='index'
            UNION ALL
            SELECT sql
            FROM sqlite_temp_master
            WHERE name='index_users_repos_on_user_id' AND type='index'
[0m
  [1m[35m (0.1ms)[0m  [1m[34mSELECT "schema_migrations"."version" FROM "schema_migrations" ORDER BY "schema_migrations"."version" ASC[0m
Migrating to DropHaha (20190410024123)
  [1m[35m (0.0ms)[0m  [1m[36mbegin transaction[0m
  [1m[35m (0.2ms)[0m  [1m[35mDROP TABLE "users_repos"[0m
  [1m[35mSQL (0.1ms)[0m  [1m[32mINSERT INTO "schema_migrations" ("version") VALUES (?)[0m  [["version", "20190410024123"]]
  [1m[35m (75.9ms)[0m  [1m[36mcommit transaction[0m
  [1m[36mActiveRecord::InternalMetadata Load (0.1ms)[0m  [1m[34mSELECT  "ar_internal_metadata".* FROM "ar_internal_metadata" WHERE "ar_internal_metadata"."key" = ? LIMIT ?[0m  [["key", "environment"], ["LIMIT", 1]]
  [1m[35m (0.0ms)[0m  [1m[36mbegin transaction[0m
  [1m[35m (0.0ms)[0m  [1m[36mcommit transaction[0m
  [1m[35m (0.1ms)[0m  [1m[34mSELECT "schema_migrations"."version" FROM "schema_migrations" ORDER BY "schema_migrations"."version" ASC[0m
  [1m[35m (0.0ms)[0m  [1m[34m            SELECT sql
            FROM sqlite_master
            WHERE name='index_repos_users_on_repo_id' AND type='index'
            UNION ALL
            SELECT sql
            FROM sqlite_temp_master
            WHERE name='index_repos_users_on_repo_id' AND type='index'
[0m
  [1m[35m (0.0ms)[0m  [1m[34m            SELECT sql
            FROM sqlite_master
            WHERE name='index_repos_users_on_user_id' AND type='index'
            UNION ALL
            SELECT sql
            FROM sqlite_temp_master
            WHERE name='index_repos_users_on_user_id' AND type='index'
[0m
  [1m[36mUser Load (0.1ms)[0m  [1m[34mSELECT  "users".* FROM "users" ORDER BY "users"."id" ASC LIMIT ?[0m  [["LIMIT", 1]]
  [1m[36mRepo Load (0.1ms)[0m  [1m[34mSELECT  "repos".* FROM "repos" INNER JOIN "repos_users" ON "repos"."id" = "repos_users"."repo_id" WHERE "repos_users"."user_id" = ? LIMIT ?[0m  [["user_id", 1], ["LIMIT", 11]]
  [1m[36mRepo Load (0.1ms)[0m  [1m[34mSELECT  "repos".* FROM "repos" INNER JOIN "repos_users" ON "repos"."id" = "repos_users"."repo_id" WHERE "repos_users"."user_id" = ? LIMIT ?[0m  [["user_id", 1], ["LIMIT", 11]]
  [1m[36mRepo Load (0.1ms)[0m  [1m[34mSELECT  "repos".* FROM "repos" ORDER BY "repos"."id" ASC LIMIT ? OFFSET ?[0m  [["LIMIT", 1], ["OFFSET", 1]]
  [1m[36mUser Load (0.1ms)[0m  [1m[34mSELECT  "users".* FROM "users" INNER JOIN "repos_users" ON "users"."id" = "repos_users"."user_id" WHERE "repos_users"."repo_id" = ? LIMIT ?[0m  [["repo_id", 2], ["LIMIT", 11]]
Started GET "/" for ::1 at 2019-04-09 22:53:38 -0400
  [1m[35m (0.1ms)[0m  [1m[34mSELECT "schema_migrations"."version" FROM "schema_migrations" ORDER BY "schema_migrations"."version" ASC[0m
Processing by ApplicationController#login as HTML
Completed 406 Not Acceptable in 7ms (ActiveRecord: 0.0ms)


  
ActionController::UnknownFormat (ApplicationController#login is missing a template for this request format and variant.

request.formats: ["text/html"]
request.variant: []

NOTE! For XHR/Ajax or API requests, this action would normally respond with 204 No Content: an empty white screen. Since you're loading it in a web browser, we assume that you expected to actually render a template, not nothing, so we're showing an error to be extra-clear. If you expect 204 No Content, carry on. That's what you'll get from an XHR or API request. Give it a shot.):
  
actionpack (5.1.7) lib/action_controller/metal/implicit_render.rb:53:in `default_render'
actionpack (5.1.7) lib/action_controller/metal/basic_implicit_render.rb:4:in `block in send_action'
actionpack (5.1.7) lib/action_controller/metal/basic_implicit_render.rb:4:in `tap'
actionpack (5.1.7) lib/action_controller/metal/basic_implicit_render.rb:4:in `send_action'
actionpack (5.1.7) lib/abstract_controller/base.rb:186:in `process_action'
actionpack (5.1.7) lib/action_controller/metal/rendering.rb:30:in `process_action'
actionpack (5.1.7) lib/abstract_controller/callbacks.rb:20:in `block in process_action'
activesupport (5.1.7) lib/active_support/callbacks.rb:131:in `run_callbacks'
actionpack (5.1.7) lib/abstract_controller/callbacks.rb:19:in `process_action'
actionpack (5.1.7) lib/action_controller/metal/rescue.rb:20:in `process_action'
actionpack (5.1.7) lib/action_controller/metal/instrumentation.rb:32:in `block in process_action'
activesupport (5.1.7) lib/active_support/notifications.rb:166:in `block in instrument'
activesupport (5.1.7) lib/active_support/notifications/instrumenter.rb:21:in `instrument'
activesupport (5.1.7) lib/active_support/notifications.rb:166:in `instrument'
actionpack (5.1.7) lib/action_controller/metal/instrumentation.rb:30:in `process_action'
actionpack (5.1.7) lib/action_controller/metal/params_wrapper.rb:252:in `process_action'
activerecord (5.1.7) lib/active_record/railties/controller_runtime.rb:22:in `process_action'
actionpack (5.1.7) lib/abstract_controller/base.rb:124:in `process'
actionview (5.1.7) lib/action_view/rendering.rb:30:in `process'
actionpack (5.1.7) lib/action_controller/metal.rb:189:in `dispatch'
actionpack (5.1.7) lib/action_controller/metal.rb:253:in `dispatch'
actionpack (5.1.7) lib/action_dispatch/routing/route_set.rb:49:in `dispatch'
actionpack (5.1.7) lib/action_dispatch/routing/route_set.rb:31:in `serve'
actionpack (5.1.7) lib/action_dispatch/journey/router.rb:50:in `block in serve'
actionpack (5.1.7) lib/action_dispatch/journey/router.rb:33:in `each'
actionpack (5.1.7) lib/action_dispatch/journey/router.rb:33:in `serve'
actionpack (5.1.7) lib/action_dispatch/routing/route_set.rb:844:in `call'
rack (2.0.7) lib/rack/etag.rb:25:in `call'
rack (2.0.7) lib/rack/conditional_get.rb:25:in `call'
rack (2.0.7) lib/rack/head.rb:12:in `call'
rack (2.0.7) lib/rack/session/abstract/id.rb:232:in `context'
rack (2.0.7) lib/rack/session/abstract/id.rb:226:in `call'
actionpack (5.1.7) lib/action_dispatch/middleware/cookies.rb:613:in `call'
activerecord (5.1.7) lib/active_record/migration.rb:556:in `call'
actionpack (5.1.7) lib/action_dispatch/middleware/callbacks.rb:26:in `block in call'
activesupport (5.1.7) lib/active_support/callbacks.rb:97:in `run_callbacks'
actionpack (5.1.7) lib/action_dispatch/middleware/callbacks.rb:24:in `call'
actionpack (5.1.7) lib/action_dispatch/middleware/executor.rb:12:in `call'
actionpack (5.1.7) lib/action_dispatch/middleware/debug_exceptions.rb:59:in `call'
web-console (3.7.0) lib/web_console/middleware.rb:135:in `call_app'
web-console (3.7.0) lib/web_console/middleware.rb:30:in `block in call'
web-console (3.7.0) lib/web_console/middleware.rb:20:in `catch'
web-console (3.7.0) lib/web_console/middleware.rb:20:in `call'
actionpack (5.1.7) lib/action_dispatch/middleware/show_exceptions.rb:31:in `call'
railties (5.1.7) lib/rails/rack/logger.rb:36:in `call_app'
railties (5.1.7) lib/rails/rack/logger.rb:24:in `block in call'
activesupport (5.1.7) lib/active_support/tagged_logging.rb:69:in `block in tagged'
activesupport (5.1.7) lib/active_support/tagged_logging.rb:26:in `tagged'
activesupport (5.1.7) lib/active_support/tagged_logging.rb:69:in `tagged'
railties (5.1.7) lib/rails/rack/logger.rb:24:in `call'
sprockets-rails (3.2.1) lib/sprockets/rails/quiet_assets.rb:13:in `call'
actionpack (5.1.7) lib/action_dispatch/middleware/remote_ip.rb:79:in `call'
actionpack (5.1.7) lib/action_dispatch/middleware/request_id.rb:25:in `call'
rack (2.0.7) lib/rack/method_override.rb:22:in `call'
rack (2.0.7) lib/rack/runtime.rb:22:in `call'
activesupport (5.1.7) lib/active_support/cache/strategy/local_cache_middleware.rb:27:in `call'
actionpack (5.1.7) lib/action_dispatch/middleware/executor.rb:12:in `call'
actionpack (5.1.7) lib/action_dispatch/middleware/static.rb:125:in `call'
rack (2.0.7) lib/rack/sendfile.rb:111:in `call'
railties (5.1.7) lib/rails/engine.rb:522:in `call'
puma (3.12.1) lib/puma/configuration.rb:227:in `call'
puma (3.12.1) lib/puma/server.rb:660:in `handle_request'
puma (3.12.1) lib/puma/server.rb:474:in `process_client'
puma (3.12.1) lib/puma/server.rb:334:in `block in run'
puma (3.12.1) lib/puma/thread_pool.rb:135:in `block in spawn_thread'
Started GET "/" for ::1 at 2019-04-09 22:56:08 -0400
Processing by ApplicationController#login as HTML
  Rendering html template
  Rendered html template (0.0ms)
Completed 200 OK in 24ms (Views: 23.8ms)


Started GET "/" for ::1 at 2019-04-09 22:58:58 -0400
Processing by ApplicationController#login as HTML
Completed 500 Internal Server Error in 1ms


  
ActionView::MissingTemplate (Missing template application/login with {:locale=>[:en], :formats=>[:html], :variants=>[], :handlers=>[:raw, :erb, :html, :builder, :ruby, :coffee, :jbuilder]}. Searched in:
  * "/home/nmsl/RubymineProjects/Her_Friendly_UI/app/views"
):
  
app/controllers/application_controller.rb:5:in `login'
Started GET "/" for ::1 at 2019-04-09 23:00:32 -0400
  
ActionController::RoutingError (undefined method `empty?' for nil:NilClass):
  
app/controllers/application_controller.rb:3:in `<class:ApplicationController>'
app/controllers/application_controller.rb:1:in `<top (required)>'
Started GET "/" for ::1 at 2019-04-09 23:00:42 -0400
  
ActionController::RoutingError (undefined method `empty?' for nil:NilClass):
  
app/controllers/application_controller.rb:3:in `<class:ApplicationController>'
app/controllers/application_controller.rb:1:in `<top (required)>'
Started GET "/" for ::1 at 2019-04-09 23:03:10 -0400
  
ActionController::RoutingError (undefined method `empty?' for nil:NilClass):
  
app/controllers/application_controller.rb:3:in `<class:ApplicationController>'
app/controllers/application_controller.rb:1:in `<top (required)>'
Started GET "/" for ::1 at 2019-04-09 23:05:25 -0400
Processing by ApplicationController#login as HTML
Completed 406 Not Acceptable in 3ms


  
ActionController::UnknownFormat (ApplicationController#login is missing a template for this request format and variant.

request.formats: ["text/html"]
request.variant: []

NOTE! For XHR/Ajax or API requests, this action would normally respond with 204 No Content: an empty white screen. Since you're loading it in a web browser, we assume that you expected to actually render a template, not nothing, so we're showing an error to be extra-clear. If you expect 204 No Content, carry on. That's what you'll get from an XHR or API request. Give it a shot.):
  
actionpack (5.1.7) lib/action_controller/metal/implicit_render.rb:53:in `default_render'
actionpack (5.1.7) lib/action_controller/metal/basic_implicit_render.rb:4:in `block in send_action'
actionpack (5.1.7) lib/action_controller/metal/basic_implicit_render.rb:4:in `tap'
actionpack (5.1.7) lib/action_controller/metal/basic_implicit_render.rb:4:in `send_action'
actionpack (5.1.7) lib/abstract_controller/base.rb:186:in `process_action'
actionpack (5.1.7) lib/action_controller/metal/rendering.rb:30:in `process_action'
actionpack (5.1.7) lib/abstract_controller/callbacks.rb:20:in `block in process_action'
activesupport (5.1.7) lib/active_support/callbacks.rb:131:in `run_callbacks'
actionpack (5.1.7) lib/abstract_controller/callbacks.rb:19:in `process_action'
actionpack (5.1.7) lib/action_controller/metal/rescue.rb:20:in `process_action'
actionpack (5.1.7) lib/action_controller/metal/instrumentation.rb:32:in `block in process_action'
activesupport (5.1.7) lib/active_support/notifications.rb:166:in `block in instrument'
activesupport (5.1.7) lib/active_support/notifications/instrumenter.rb:21:in `instrument'
activesupport (5.1.7) lib/active_support/notifications.rb:166:in `instrument'
actionpack (5.1.7) lib/action_controller/metal/instrumentation.rb:30:in `process_action'
actionpack (5.1.7) lib/action_controller/metal/params_wrapper.rb:252:in `process_action'
activerecord (5.1.7) lib/active_record/railties/controller_runtime.rb:22:in `process_action'
actionpack (5.1.7) lib/abstract_controller/base.rb:124:in `process'
actionview (5.1.7) lib/action_view/rendering.rb:30:in `process'
actionpack (5.1.7) lib/action_controller/metal.rb:189:in `dispatch'
actionpack (5.1.7) lib/action_controller/metal.rb:253:in `dispatch'
actionpack (5.1.7) lib/action_dispatch/routing/route_set.rb:49:in `dispatch'
actionpack (5.1.7) lib/action_dispatch/routing/route_set.rb:31:in `serve'
actionpack (5.1.7) lib/action_dispatch/journey/router.rb:50:in `block in serve'
actionpack (5.1.7) lib/action_dispatch/journey/router.rb:33:in `each'
actionpack (5.1.7) lib/action_dispatch/journey/router.rb:33:in `serve'
actionpack (5.1.7) lib/action_dispatch/routing/route_set.rb:844:in `call'
rack (2.0.7) lib/rack/etag.rb:25:in `call'
rack (2.0.7) lib/rack/conditional_get.rb:25:in `call'
rack (2.0.7) lib/rack/head.rb:12:in `call'
rack (2.0.7) lib/rack/session/abstract/id.rb:232:in `context'
rack (2.0.7) lib/rack/session/abstract/id.rb:226:in `call'
actionpack (5.1.7) lib/action_dispatch/middleware/cookies.rb:613:in `call'
activerecord (5.1.7) lib/active_record/migration.rb:556:in `call'
actionpack (5.1.7) lib/action_dispatch/middleware/callbacks.rb:26:in `block in call'
activesupport (5.1.7) lib/active_support/callbacks.rb:97:in `run_callbacks'
actionpack (5.1.7) lib/action_dispatch/middleware/callbacks.rb:24:in `call'
actionpack (5.1.7) lib/action_dispatch/middleware/executor.rb:12:in `call'
actionpack (5.1.7) lib/action_dispatch/middleware/debug_exceptions.rb:59:in `call'
web-console (3.7.0) lib/web_console/middleware.rb:135:in `call_app'
web-console (3.7.0) lib/web_console/middleware.rb:30:in `block in call'
web-console (3.7.0) lib/web_console/middleware.rb:20:in `catch'
web-console (3.7.0) lib/web_console/middleware.rb:20:in `call'
actionpack (5.1.7) lib/action_dispatch/middleware/show_exceptions.rb:31:in `call'
railties (5.1.7) lib/rails/rack/logger.rb:36:in `call_app'
railties (5.1.7) lib/rails/rack/logger.rb:24:in `block in call'
activesupport (5.1.7) lib/active_support/tagged_logging.rb:69:in `block in tagged'
activesupport (5.1.7) lib/active_support/tagged_logging.rb:26:in `tagged'
activesupport (5.1.7) lib/active_support/tagged_logging.rb:69:in `tagged'
railties (5.1.7) lib/rails/rack/logger.rb:24:in `call'
sprockets-rails (3.2.1) lib/sprockets/rails/quiet_assets.rb:13:in `call'
actionpack (5.1.7) lib/action_dispatch/middleware/remote_ip.rb:79:in `call'
actionpack (5.1.7) lib/action_dispatch/middleware/request_id.rb:25:in `call'
rack (2.0.7) lib/rack/method_override.rb:22:in `call'
rack (2.0.7) lib/rack/runtime.rb:22:in `call'
activesupport (5.1.7) lib/active_support/cache/strategy/local_cache_middleware.rb:27:in `call'
actionpack (5.1.7) lib/action_dispatch/middleware/executor.rb:12:in `call'
actionpack (5.1.7) lib/action_dispatch/middleware/static.rb:125:in `call'
rack (2.0.7) lib/rack/sendfile.rb:111:in `call'
railties (5.1.7) lib/rails/engine.rb:522:in `call'
puma (3.12.1) lib/puma/configuration.rb:227:in `call'
puma (3.12.1) lib/puma/server.rb:660:in `handle_request'
puma (3.12.1) lib/puma/server.rb:474:in `process_client'
puma (3.12.1) lib/puma/server.rb:334:in `block in run'
puma (3.12.1) lib/puma/thread_pool.rb:135:in `block in spawn_thread'
Started GET "/" for ::1 at 2019-04-09 23:05:33 -0400
Processing by ApplicationController#login as HTML
Completed 406 Not Acceptable in 3ms


  
ActionController::UnknownFormat (ApplicationController#login is missing a template for this request format and variant.

request.formats: ["text/html"]
request.variant: []

NOTE! For XHR/Ajax or API requests, this action would normally respond with 204 No Content: an empty white screen. Since you're loading it in a web browser, we assume that you expected to actually render a template, not nothing, so we're showing an error to be extra-clear. If you expect 204 No Content, carry on. That's what you'll get from an XHR or API request. Give it a shot.):
  
actionpack (5.1.7) lib/action_controller/metal/implicit_render.rb:53:in `default_render'
actionpack (5.1.7) lib/action_controller/metal/basic_implicit_render.rb:4:in `block in send_action'
actionpack (5.1.7) lib/action_controller/metal/basic_implicit_render.rb:4:in `tap'
actionpack (5.1.7) lib/action_controller/metal/basic_implicit_render.rb:4:in `send_action'
actionpack (5.1.7) lib/abstract_controller/base.rb:186:in `process_action'
actionpack (5.1.7) lib/action_controller/metal/rendering.rb:30:in `process_action'
actionpack (5.1.7) lib/abstract_controller/callbacks.rb:20:in `block in process_action'
activesupport (5.1.7) lib/active_support/callbacks.rb:131:in `run_callbacks'
actionpack (5.1.7) lib/abstract_controller/callbacks.rb:19:in `process_action'
actionpack (5.1.7) lib/action_controller/metal/rescue.rb:20:in `process_action'
actionpack (5.1.7) lib/action_controller/metal/instrumentation.rb:32:in `block in process_action'
activesupport (5.1.7) lib/active_support/notifications.rb:166:in `block in instrument'
activesupport (5.1.7) lib/active_support/notifications/instrumenter.rb:21:in `instrument'
activesupport (5.1.7) lib/active_support/notifications.rb:166:in `instrument'
actionpack (5.1.7) lib/action_controller/metal/instrumentation.rb:30:in `process_action'
actionpack (5.1.7) lib/action_controller/metal/params_wrapper.rb:252:in `process_action'
activerecord (5.1.7) lib/active_record/railties/controller_runtime.rb:22:in `process_action'
actionpack (5.1.7) lib/abstract_controller/base.rb:124:in `process'
actionview (5.1.7) lib/action_view/rendering.rb:30:in `process'
actionpack (5.1.7) lib/action_controller/metal.rb:189:in `dispatch'
actionpack (5.1.7) lib/action_controller/metal.rb:253:in `dispatch'
actionpack (5.1.7) lib/action_dispatch/routing/route_set.rb:49:in `dispatch'
actionpack (5.1.7) lib/action_dispatch/routing/route_set.rb:31:in `serve'
actionpack (5.1.7) lib/action_dispatch/journey/router.rb:50:in `block in serve'
actionpack (5.1.7) lib/action_dispatch/journey/router.rb:33:in `each'
actionpack (5.1.7) lib/action_dispatch/journey/router.rb:33:in `serve'
actionpack (5.1.7) lib/action_dispatch/routing/route_set.rb:844:in `call'
rack (2.0.7) lib/rack/etag.rb:25:in `call'
rack (2.0.7) lib/rack/conditional_get.rb:25:in `call'
rack (2.0.7) lib/rack/head.rb:12:in `call'
rack (2.0.7) lib/rack/session/abstract/id.rb:232:in `context'
rack (2.0.7) lib/rack/session/abstract/id.rb:226:in `call'
actionpack (5.1.7) lib/action_dispatch/middleware/cookies.rb:613:in `call'
activerecord (5.1.7) lib/active_record/migration.rb:556:in `call'
actionpack (5.1.7) lib/action_dispatch/middleware/callbacks.rb:26:in `block in call'
activesupport (5.1.7) lib/active_support/callbacks.rb:97:in `run_callbacks'
actionpack (5.1.7) lib/action_dispatch/middleware/callbacks.rb:24:in `call'
actionpack (5.1.7) lib/action_dispatch/middleware/executor.rb:12:in `call'
actionpack (5.1.7) lib/action_dispatch/middleware/debug_exceptions.rb:59:in `call'
web-console (3.7.0) lib/web_console/middleware.rb:135:in `call_app'
web-console (3.7.0) lib/web_console/middleware.rb:30:in `block in call'
web-console (3.7.0) lib/web_console/middleware.rb:20:in `catch'
web-console (3.7.0) lib/web_console/middleware.rb:20:in `call'
actionpack (5.1.7) lib/action_dispatch/middleware/show_exceptions.rb:31:in `call'
railties (5.1.7) lib/rails/rack/logger.rb:36:in `call_app'
railties (5.1.7) lib/rails/rack/logger.rb:24:in `block in call'
activesupport (5.1.7) lib/active_support/tagged_logging.rb:69:in `block in tagged'
activesupport (5.1.7) lib/active_support/tagged_logging.rb:26:in `tagged'
activesupport (5.1.7) lib/active_support/tagged_logging.rb:69:in `tagged'
railties (5.1.7) lib/rails/rack/logger.rb:24:in `call'
sprockets-rails (3.2.1) lib/sprockets/rails/quiet_assets.rb:13:in `call'
actionpack (5.1.7) lib/action_dispatch/middleware/remote_ip.rb:79:in `call'
actionpack (5.1.7) lib/action_dispatch/middleware/request_id.rb:25:in `call'
rack (2.0.7) lib/rack/method_override.rb:22:in `call'
rack (2.0.7) lib/rack/runtime.rb:22:in `call'
activesupport (5.1.7) lib/active_support/cache/strategy/local_cache_middleware.rb:27:in `call'
actionpack (5.1.7) lib/action_dispatch/middleware/executor.rb:12:in `call'
actionpack (5.1.7) lib/action_dispatch/middleware/static.rb:125:in `call'
rack (2.0.7) lib/rack/sendfile.rb:111:in `call'
railties (5.1.7) lib/rails/engine.rb:522:in `call'
puma (3.12.1) lib/puma/configuration.rb:227:in `call'
puma (3.12.1) lib/puma/server.rb:660:in `handle_request'
puma (3.12.1) lib/puma/server.rb:474:in `process_client'
puma (3.12.1) lib/puma/server.rb:334:in `block in run'
puma (3.12.1) lib/puma/thread_pool.rb:135:in `block in spawn_thread'
Started GET "/" for ::1 at 2019-04-09 23:06:22 -0400
Processing by ApplicationController#login as HTML
  Rendering application/login.html.erb within layouts/main_layout
  Rendered application/login.html.erb within layouts/main_layout (2199.9ms)
Completed 200 OK in 2243ms (Views: 2242.8ms)


Started GET "/" for ::1 at 2019-04-09 23:07:41 -0400
Processing by ApplicationController#login as HTML
  Rendering application/login.html.erb within layouts/application
  Rendered application/login.html.erb within layouts/application (0.8ms)
Completed 200 OK in 9ms (Views: 8.9ms)


Started GET "/1" for ::1 at 2019-04-09 23:15:45 -0400
Processing by UserController#info as HTML
  Parameters: {"id"=>"1"}
  Rendering user/info.html.erb within layouts/main_layout
  Rendered user/info.html.erb within layouts/main_layout (0.2ms)
Completed 200 OK in 48ms (Views: 46.8ms)


Started GET "/1" for ::1 at 2019-04-09 23:17:29 -0400
Processing by UserController#info as HTML
  Parameters: {"id"=>"1"}
  Rendering user/info.html.erb within layouts/main_layout
  Rendered user/info.html.erb within layouts/main_layout (0.2ms)
Completed 200 OK in 54ms (Views: 53.4ms)


Started GET "/1" for ::1 at 2019-04-09 23:17:52 -0400
Processing by UserController#info as HTML
  Parameters: {"id"=>"1"}
  Rendering user/info.html.erb within layouts/main_layout
  Rendered user/info.html.erb within layouts/main_layout (0.2ms)
Completed 200 OK in 9ms (Views: 7.8ms)


Started GET "/1" for ::1 at 2019-04-09 23:19:04 -0400
Processing by UserController#info as HTML
  Parameters: {"id"=>"1"}
  Rendering user/info.html.erb within layouts/main_layout
  Rendered user/info.html.erb within layouts/main_layout (0.3ms)
Completed 200 OK in 9ms (Views: 8.5ms)


Started GET "/1" for ::1 at 2019-04-09 23:19:28 -0400
Processing by UserController#info as HTML
  Parameters: {"id"=>"1"}
  Rendering user/info.html.erb within layouts/main_layout
  Rendered user/info.html.erb within layouts/main_layout (0.2ms)
Completed 200 OK in 8ms (Views: 7.5ms)


Started GET "/1" for ::1 at 2019-04-09 23:20:34 -0400
Processing by UserController#info as HTML
  Parameters: {"id"=>"1"}
  Rendering user/info.html.erb within layouts/main_layout
  Rendered user/info.html.erb within layouts/main_layout (0.2ms)
Completed 200 OK in 534ms (Views: 533.5ms)


Started GET "/1" for ::1 at 2019-04-09 23:21:47 -0400
  [1m[35m (0.1ms)[0m  [1m[34mSELECT "schema_migrations"."version" FROM "schema_migrations" ORDER BY "schema_migrations"."version" ASC[0m
Processing by UsersController#info as HTML
  Parameters: {"id"=>"1"}
  Rendering users/info.html.erb within layouts/main_layout
  Rendered users/info.html.erb within layouts/main_layout (0.2ms)
Completed 200 OK in 516ms (Views: 515.0ms | ActiveRecord: 0.0ms)


Started GET "/1" for ::1 at 2019-04-09 23:22:56 -0400
Processing by UsersController#info as HTML
  Parameters: {"id"=>"1"}
  Rendering users/info.html.erb within layouts/main_layout
  Rendered users/info.html.erb within layouts/main_layout (0.2ms)
Completed 500 Internal Server Error in 555ms (ActiveRecord: 0.0ms)


  
ActionView::Template::Error (Asset was not declared to be precompiled in production.
Add `Rails.application.config.assets.precompile += %w( users.css )` to `config/initializers/assets.rb` and restart your server):
    4: 
    5:   <%= csrf_meta_tags %>
    6:   <%= stylesheet_link_tag    'application', media: 'all','data-turbolinks-track': 'reload' %>
    7:   <%= stylesheet_link_tag    'users', media: 'all','data-turbolinks-track': 'reload' %>
    8:   <%= javascript_include_tag 'application', 'data-turbolinks-track': 'reload' %>
    9: 
   10: </head>
  
app/views/layouts/main_layout.html.erb:7:in `_app_views_layouts_main_layout_html_erb__2614614372148052923_70211723312700'
Started GET "/1" for ::1 at 2019-04-09 23:23:26 -0400
Processing by UsersController#info as HTML
  Parameters: {"id"=>"1"}
  Rendering users/info.html.erb within layouts/main_layout
  Rendered users/info.html.erb within layouts/main_layout (0.2ms)
Completed 500 Internal Server Error in 9ms (ActiveRecord: 0.0ms)


  
ActionView::Template::Error (Asset was not declared to be precompiled in production.
Add `Rails.application.config.assets.precompile += %w( users.css )` to `config/initializers/assets.rb` and restart your server):
    4: 
    5:   <%= csrf_meta_tags %>
    6:   <%= stylesheet_link_tag    'application', media: 'all','data-turbolinks-track': 'reload' %>
    7:   <%= stylesheet_link_tag    'users' %>
    8:   <%= javascript_include_tag 'application', 'data-turbolinks-track': 'reload' %>
    9: 
   10: </head>
  
app/views/layouts/main_layout.html.erb:7:in `_app_views_layouts_main_layout_html_erb__2614614372148052923_70211722679400'
Started GET "/1" for ::1 at 2019-04-09 23:26:39 -0400
Processing by UsersController#info as HTML
  Parameters: {"id"=>"1"}
  Rendering users/info.html.erb within layouts/main_layout
  Rendered users/info.html.erb within layouts/main_layout (0.2ms)
Completed 200 OK in 52ms (Views: 51.4ms | ActiveRecord: 0.0ms)


Started GET "/1" for ::1 at 2019-04-09 23:27:02 -0400
Processing by UsersController#info as HTML
  Parameters: {"id"=>"1"}
  Rendering users/info.html.erb within layouts/main_layout
  Rendered users/info.html.erb within layouts/main_layout (0.2ms)
Completed 200 OK in 10ms (Views: 9.5ms | ActiveRecord: 0.0ms)


Started GET "/1" for ::1 at 2019-04-09 23:31:48 -0400
Processing by UsersController#info as HTML
  Parameters: {"id"=>"1"}
  [1m[36mUser Load (0.1ms)[0m  [1m[34mSELECT  "users".* FROM "users" WHERE "users"."id" = ? LIMIT ?[0m  [["id", 1], ["LIMIT", 1]]
  Rendering users/info.html.erb within layouts/main_layout
  Rendered users/info.html.erb within layouts/main_layout (0.2ms)
Completed 200 OK in 20ms (Views: 8.5ms | ActiveRecord: 0.8ms)


Started GET "/1" for ::1 at 2019-04-09 23:32:18 -0400
Processing by UsersController#info as HTML
  Parameters: {"id"=>"1"}
  [1m[36mUser Load (0.1ms)[0m  [1m[34mSELECT  "users".* FROM "users" WHERE "users"."id" = ? LIMIT ?[0m  [["id", 1], ["LIMIT", 1]]
  Rendering users/info.html.erb within layouts/main_layout
  Rendered users/info.html.erb within layouts/main_layout (0.3ms)
Completed 200 OK in 8ms (Views: 7.6ms | ActiveRecord: 0.1ms)


Started GET "/1" for ::1 at 2019-04-09 23:53:16 -0400
Processing by UsersController#info as HTML
  Parameters: {"id"=>"1"}
  [1m[36mUser Load (0.2ms)[0m  [1m[34mSELECT  "users".* FROM "users" WHERE "users"."id" = ? LIMIT ?[0m  [["id", 1], ["LIMIT", 1]]
  Rendering users/info.html.erb within layouts/main_layout
  Rendered users/info.html.erb within layouts/main_layout (6.4ms)
Completed 200 OK in 25ms (Views: 17.6ms | ActiveRecord: 0.7ms)


Started GET "/1" for ::1 at 2019-04-09 23:53:31 -0400
Processing by UsersController#info as HTML
  Parameters: {"id"=>"1"}
  [1m[36mUser Load (0.1ms)[0m  [1m[34mSELECT  "users".* FROM "users" WHERE "users"."id" = ? LIMIT ?[0m  [["id", 1], ["LIMIT", 1]]
  Rendering users/info.html.erb within layouts/main_layout
  [1m[36mRepo Load (0.1ms)[0m  [1m[34mSELECT  "repos".* FROM "repos" INNER JOIN "repos_users" ON "repos"."id" = "repos_users"."repo_id" WHERE "repos_users"."user_id" = ? LIMIT ?[0m  [["user_id", 1], ["LIMIT", 11]]
  Rendered users/info.html.erb within layouts/main_layout (14.2ms)
Completed 500 Internal Server Error in 16ms (ActiveRecord: 0.6ms)


  
ActionView::Template::Error (undefined method `repo_name' for #<Repo::ActiveRecord_Associations_CollectionProxy:0x00007fb6e0a99018>):
    1: <h1>INFO PAGE</h1>
    2: <h1>username: <%= @user.username %></h1>
    3: <h1>password: <%= @user.password %></h1>
    4: <h1>repos: <%= @user.repos.repo_name %></h1>
  
app/views/users/info.html.erb:4:in `_app_views_users_info_html_erb___1538886988964406116_70211715070500'
  [1m[36mUser Load (0.1ms)[0m  [1m[34mSELECT  "users".* FROM "users" ORDER BY "users"."id" ASC LIMIT ?[0m  [["LIMIT", 1]]
  [1m[36mRepo Load (0.1ms)[0m  [1m[34mSELECT  "repos".* FROM "repos" INNER JOIN "repos_users" ON "repos"."id" = "repos_users"."repo_id" WHERE "repos_users"."user_id" = ? LIMIT ?[0m  [["user_id", 1], ["LIMIT", 11]]
  [1m[36mRepo Load (0.1ms)[0m  [1m[34mSELECT  "repos".* FROM "repos" INNER JOIN "repos_users" ON "repos"."id" = "repos_users"."repo_id" WHERE "repos_users"."user_id" = ? LIMIT ?[0m  [["user_id", 1], ["LIMIT", 11]]
  [1m[36mRepo Load (0.2ms)[0m  [1m[34mSELECT  "repos".* FROM "repos" INNER JOIN "repos_users" ON "repos"."id" = "repos_users"."repo_id" WHERE "repos_users"."user_id" = ? ORDER BY "repos"."id" ASC LIMIT ?[0m  [["user_id", 1], ["LIMIT", 1]]
Started GET "/1" for ::1 at 2019-04-09 23:55:21 -0400
Processing by UsersController#info as HTML
  Parameters: {"id"=>"1"}
  [1m[36mUser Load (0.1ms)[0m  [1m[34mSELECT  "users".* FROM "users" WHERE "users"."id" = ? LIMIT ?[0m  [["id", 1], ["LIMIT", 1]]
  Rendering users/info.html.erb within layouts/main_layout
  [1m[36mRepo Load (0.2ms)[0m  [1m[34mSELECT  "repos".* FROM "repos" INNER JOIN "repos_users" ON "repos"."id" = "repos_users"."repo_id" WHERE "repos_users"."user_id" = ? ORDER BY "repos"."id" ASC LIMIT ?[0m  [["user_id", 1], ["LIMIT", 1]]
  Rendered users/info.html.erb within layouts/main_layout (1.1ms)
Completed 200 OK in 10ms (Views: 9.2ms | ActiveRecord: 0.2ms)


Started GET "/1" for ::1 at 2019-04-09 23:55:31 -0400
Processing by UsersController#info as HTML
  Parameters: {"id"=>"1"}
  [1m[36mUser Load (0.1ms)[0m  [1m[34mSELECT  "users".* FROM "users" WHERE "users"."id" = ? LIMIT ?[0m  [["id", 1], ["LIMIT", 1]]
  Rendering users/info.html.erb within layouts/main_layout
  [1m[36mRepo Load (0.1ms)[0m  [1m[34mSELECT  "repos".* FROM "repos" INNER JOIN "repos_users" ON "repos"."id" = "repos_users"."repo_id" WHERE "repos_users"."user_id" = ? ORDER BY "repos"."id" ASC LIMIT ?[0m  [["user_id", 1], ["LIMIT", 1]]
  Rendered users/info.html.erb within layouts/main_layout (1.3ms)
Completed 200 OK in 16ms (Views: 14.8ms | ActiveRecord: 0.2ms)


Started GET "/1/repohahahaha" for ::1 at 2019-04-09 23:56:16 -0400
Processing by ReposController#main as HTML
  Parameters: {"id"=>"1", "repo_name"=>"repohahahaha"}
  [1m[36mReposUser Load (0.2ms)[0m  [1m[34mSELECT  "repos_users".* FROM "repos_users" WHERE "repos_users"."user_id" = ? LIMIT ?[0m  [["user_id", 1], ["LIMIT", 1]]
Completed 500 Internal Server Error in 9ms (ActiveRecord: 0.3ms)


  
NoMethodError (undefined method `each' for #<ReposUser:0x00007fb6ece135e8>):
  
app/controllers/repos_controller.rb:12:in `find_repo'
Started GET "/1/repohahahaha" for ::1 at 2019-04-09 23:56:48 -0400
Processing by ReposController#main as HTML
  Parameters: {"id"=>"1", "repo_name"=>"repohahahaha"}
  [1m[36mReposUser Load (0.1ms)[0m  [1m[34mSELECT  "repos_users".* FROM "repos_users" WHERE "repos_users"."user_id" = ? LIMIT ?[0m  [["user_id", 1], ["LIMIT", 1]]
Completed 500 Internal Server Error in 7ms (ActiveRecord: 0.5ms)


  
NoMethodError (undefined method `each' for #<ReposUser:0x00007fb6e1022e58>):
  
app/controllers/repos_controller.rb:13:in `find_repo'
Started GET "/1/repohahahaha" for ::1 at 2019-04-09 23:58:00 -0400
Processing by ReposController#main as HTML
  Parameters: {"id"=>"1", "repo_name"=>"repohahahaha"}
  [1m[36mReposUser Load (0.1ms)[0m  [1m[34mSELECT  "repos_users".* FROM "repos_users" WHERE "repos_users"."user_id" = ? LIMIT ?[0m  [["user_id", 1], ["LIMIT", 1]]
Completed 500 Internal Server Error in 7ms (ActiveRecord: 0.5ms)


  
NoMethodError (undefined method `to_a' for #<ReposUser:0x00007fb6e15eb8d0>
Did you mean?  to_s):
  
app/controllers/repos_controller.rb:12:in `find_repo'
Started GET "/1/repohahahaha" for ::1 at 2019-04-09 23:59:15 -0400
Processing by ReposController#main as HTML
  Parameters: {"id"=>"1", "repo_name"=>"repohahahaha"}
  [1m[36mReposUser Load (0.1ms)[0m  [1m[34mSELECT  "repos_users".* FROM "repos_users" WHERE "repos_users"."user_id" = ? LIMIT ?[0m  [["user_id", 1], ["LIMIT", 1]]
Completed 500 Internal Server Error in 9ms (ActiveRecord: 0.5ms)


  
NoMethodError (undefined method `each' for #<ReposUser:0x00007fb6ec72cec8>):
  
app/controllers/repos_controller.rb:13:in `find_repo'
Started GET "/1/repohahahaha" for ::1 at 2019-04-09 23:59:47 -0400
Processing by ReposController#main as HTML
  Parameters: {"id"=>"1", "repo_name"=>"repohahahaha"}
  [1m[36mReposUser Load (0.1ms)[0m  [1m[34mSELECT  "repos_users".* FROM "repos_users" WHERE "repos_users"."user_id" = ? LIMIT ?[0m  [["user_id", 1], ["LIMIT", 1]]
  [1m[36mRepo Load (0.1ms)[0m  [1m[34mSELECT  "repos".* FROM "repos" WHERE "repos"."id" = ? LIMIT ?[0m  [["id", 2], ["LIMIT", 1]]
Completed 500 Internal Server Error in 15ms (ActiveRecord: 0.8ms)


  
NoMethodError (undefined method `each' for #<ReposUser:0x00007fb6e0e7d058>):
  
app/controllers/repos_controller.rb:13:in `find_repo'
Started GET "/1/repohahahaha" for ::1 at 2019-04-10 00:00:03 -0400
Processing by ReposController#main as HTML
  Parameters: {"id"=>"1", "repo_name"=>"repohahahaha"}
  [1m[36mReposUser Load (0.1ms)[0m  [1m[34mSELECT  "repos_users".* FROM "repos_users" WHERE "repos_users"."user_id" = ? LIMIT ?[0m  [["user_id", 1], ["LIMIT", 1]]
Completed 500 Internal Server Error in 10ms (ActiveRecord: 0.5ms)


  
NoMethodError (undefined method `first' for #<ReposUser:0x00007fb6e1cd32d8>):
  
app/controllers/repos_controller.rb:12:in `find_repo'
